<?xml version="1.0" encoding="UTF-8"?>
<testsuite name="CustomerDAOTesting" tests="3" skipped="0" failures="0" errors="0" timestamp="2021-04-28T17:24:23" hostname="DESKTOP-U50QLRV" time="2.744">
  <properties/>
  <testcase name="approveCustomerAccountByIdShoudlFail()" classname="CustomerDAOTesting" time="1.315"/>
  <testcase name="validateAccountShouldPass()" classname="CustomerDAOTesting" time="0.773"/>
  <testcase name="rejectCustomerAccountByIdShouldFail()" classname="CustomerDAOTesting" time="0.656"/>
  <system-out><![CDATA[]]></system-out>
  <system-err><![CDATA[]]></system-err>
</testsuite>
