<?xml version="1.0" encoding="UTF-8"?>
<testsuite name="BankAccountTesting" tests="2" skipped="0" failures="0" errors="0" timestamp="2021-04-28T08:10:15" hostname="DESKTOP-U50QLRV" time="0.019">
  <properties/>
  <testcase name="BankAccountConstructorShouldFail()" classname="BankAccountTesting" time="0.017"/>
  <testcase name="BankAccountConstructorShouldPass()" classname="BankAccountTesting" time="0.001"/>
  <system-out><![CDATA[]]></system-out>
  <system-err><![CDATA[]]></system-err>
</testsuite>
